<?xml version="1.0" encoding="UTF-8"?>
<testng-results skipped="0" failed="0" total="1" passed="1">
  <reporter-output>
  </reporter-output>
  <suite name="Default suite" duration-ms="136638" started-at="2020-02-04T14:32:37Z" finished-at="2020-02-04T14:34:53Z">
    <groups>
      <group name="cucumber">
        <method signature="TestRunner.feature(cucumber.api.testng.CucumberFeatureWrapper)[pri:0, instance:cucumberTest.TestRunner@52a86356]" name="feature" class="cucumberTest.TestRunner"/>
      </group> <!-- cucumber -->
    </groups>
    <test name="Default test" duration-ms="136638" started-at="2020-02-04T14:32:37Z" finished-at="2020-02-04T14:34:53Z">
      <class name="cucumberTest.TestRunner">
        <test-method status="PASS" signature="setUpClass()[pri:0, instance:cucumberTest.TestRunner@52a86356]" name="setUpClass" is-config="true" duration-ms="339" started-at="2020-02-04T20:02:37Z" finished-at="2020-02-04T20:02:37Z">
          <reporter-output>
          </reporter-output>
        </test-method> <!-- setUpClass -->
        <test-method status="PASS" signature="feature(cucumber.api.testng.CucumberFeatureWrapper)[pri:0, instance:cucumberTest.TestRunner@52a86356]" name="feature" duration-ms="135860" started-at="2020-02-04T20:02:37Z" description="Runs Cucumber Feature" data-provider="features" finished-at="2020-02-04T20:04:53Z">
          <params>
            <param index="0">
              <value>
                <![CDATA[Infor m3 Application]]>
              </value>
            </param>
          </params>
          <reporter-output>
          </reporter-output>
        </test-method> <!-- feature -->
        <test-method status="PASS" signature="tearDownClass()[pri:0, instance:cucumberTest.TestRunner@52a86356]" name="tearDownClass" is-config="true" duration-ms="325" started-at="2020-02-04T20:04:53Z" finished-at="2020-02-04T20:04:53Z">
          <reporter-output>
          </reporter-output>
        </test-method> <!-- tearDownClass -->
      </class> <!-- cucumberTest.TestRunner -->
    </test> <!-- Default test -->
  </suite> <!-- Default suite -->
</testng-results>
