<?xml version="1.0" encoding="UTF-8"?>
<testng-results skipped="0" failed="0" ignored="0" total="1" passed="1">
  <reporter-output>
  </reporter-output>
  <suite name="Default suite" duration-ms="40039" started-at="2020-01-27T11:51:26Z" finished-at="2020-01-27T11:52:06Z">
    <groups>
      <group name="cucumber">
        <method signature="TestRunner.feature(cucumber.api.testng.CucumberFeatureWrapper)[pri:0, instance:cucumberTest.TestRunner@369f73a2]" name="feature" class="cucumberTest.TestRunner"/>
      </group> <!-- cucumber -->
    </groups>
    <test name="Default test" duration-ms="40039" started-at="2020-01-27T11:51:26Z" finished-at="2020-01-27T11:52:06Z">
      <class name="cucumberTest.TestRunner">
        <test-method status="PASS" signature="setUpClass()[pri:0, instance:cucumberTest.TestRunner@369f73a2]" name="setUpClass" is-config="true" duration-ms="190" started-at="2020-01-27T11:51:26Z" finished-at="2020-01-27T11:51:26Z">
          <reporter-output>
          </reporter-output>
        </test-method> <!-- setUpClass -->
        <test-method status="PASS" signature="feature(cucumber.api.testng.CucumberFeatureWrapper)[pri:0, instance:cucumberTest.TestRunner@369f73a2]" name="feature" duration-ms="39479" started-at="2020-01-27T11:51:26Z" description="Runs Cucumber Feature" data-provider="features" finished-at="2020-01-27T11:52:06Z">
          <params>
            <param index="0">
              <value>
                <![CDATA[Infor m3 Application]]>
              </value>
            </param>
          </params>
          <reporter-output>
          </reporter-output>
        </test-method> <!-- feature -->
        <test-method status="PASS" signature="tearDownClass()[pri:0, instance:cucumberTest.TestRunner@369f73a2]" name="tearDownClass" is-config="true" duration-ms="291" started-at="2020-01-27T11:52:06Z" finished-at="2020-01-27T11:52:06Z">
          <reporter-output>
          </reporter-output>
        </test-method> <!-- tearDownClass -->
      </class> <!-- cucumberTest.TestRunner -->
    </test> <!-- Default test -->
  </suite> <!-- Default suite -->
</testng-results>
